Log file open, 05/18/17 05:56:28
LogInit:Display: Running engine for game: Shooter
LogPlatformFile: Not using cached read wrapper
LogInit:Display: RandInit(670775606) SRandInit(670775606).
LogTaskGraph: Started task graph with 5 named threads and 8 total threads with 1 sets of task threads.
LogStats: Stats thread started at 0.090180
LogInit: Using libcurl 7.47.1
LogInit:  - built for x86_64-pc-win32
LogInit:  - supports SSL with OpenSSL/1.0.2g
LogInit:  - supports HTTP deflate (compression) using libz 1.2.8
LogInit:  - other features:
LogInit:      CURL_VERSION_SSL
LogInit:      CURL_VERSION_LIBZ
LogInit:      CURL_VERSION_IPV6
LogInit:      CURL_VERSION_ASYNCHDNS
LogInit:      CURL_VERSION_LARGEFILE
LogInit:      CURL_VERSION_IDN
LogInit:  CurlRequestOptions (configurable via config and command line):
LogInit:  - bVerifyPeer = false  - Libcurl will NOT verify peer certificate
LogInit:  - bUseHttpProxy = false  - Libcurl will NOT use HTTP proxy
LogInit:  - bDontReuseConnections = false  - Libcurl will reuse connections
LogInit:  - CertBundlePath = nullptr  - Libcurl will use whatever was configured at build time.
LogInit: Build: ++UE4+Release-4.15-CL-3348071
LogInit: Engine Version: 4.15.1-3348071+++UE4+Release-4.15
LogInit: Compatible Engine Version: 4.15.0-3299760+++UE4+Release-4.15
LogInit: Net CL: 3299760
LogDevObjectVersion: Number of dev versions registered: 14
LogDevObjectVersion:   Dev-Blueprints (B0D832E4-1F89-4F0D-ACCF-7EB736FD4AA2): 8
LogDevObjectVersion:   Dev-Build (E1C64328-A22C-4D53-A36C-8E866417BD8C): 0
LogDevObjectVersion:   Dev-Core (375EC13C-06E4-48FB-B500-84F0262A717E): 2
LogDevObjectVersion:   Dev-Editor (E4B068ED-F494-42E9-A231-DA0B2E46BB41): 14
LogDevObjectVersion:   Dev-Framework (CFFC743F-43B0-4480-9391-14DF171D2073): 22
LogDevObjectVersion:   Dev-Mobile (B02B49B5-BB20-44E9-A304-32B752E40360): 0
LogDevObjectVersion:   Dev-Networking (A4E4105C-59A1-49B5-A7C5-40C4547EDFEE): 0
LogDevObjectVersion:   Dev-Online (39C831C9-5AE6-47DC-9A44-9C173E1C8E7C): 0
LogDevObjectVersion:   Dev-Physics (78F01B33-EBEA-4F98-B9B4-84EACCB95AA2): 0
LogDevObjectVersion:   Dev-Platform (6631380F-2D4D-43E0-8009-CF276956A95A): 0
LogDevObjectVersion:   Dev-Rendering (12F88B9F-8875-4AFC-A67C-D90C383ABD29): 12
LogDevObjectVersion:   Dev-Sequencer (7B5AE74C-D270-4C10-A958-57980B212A5A): 3
LogDevObjectVersion:   Dev-VR (D7296918-1DD6-4BDD-9DE2-64A83CC13884): 0
LogDevObjectVersion:   Dev-LoadTimes (C2A15278-BFE7-4AFE-6C17-90FF531DF755): 1
LogInit: Compiled (64-bit): Mar 15 2017 16:52:47
LogInit: Compiled with Visual C++: 19.00.23026.00
LogInit: Build Configuration: Development
LogInit: Branch Name: ++UE4+Release-4.15
LogInit: Command line:  
LogInit: Base directory: C:/Program Files/Epic Games/UE_4.15/Engine/Binaries/Win64/
LogInit: Installed Engine Build: 1
LogInit: Presizing for max 8388607 objects, including 0 objects not considered by GC, pre-allocating 0 bytes for permanent pool.
LogInit: Object subsystem initialized
[2017.05.17-20.56.29:727][  0]LogInit: Selected Device Profile: [Windows]
[2017.05.17-20.56.29:727][  0]LogInit: Applying CVar settings loaded from the selected device profile: [Windows]
[2017.05.17-20.56.29:746][  0]LogInit: Computer: DESKTOP-55OK8UV
[2017.05.17-20.56.29:746][  0]LogInit: User: aiuv0
[2017.05.17-20.56.29:746][  0]LogInit: CPU Page size=65536, Cores=4
[2017.05.17-20.56.29:746][  0]LogInit: High frequency timer resolution =3.416980 MHz
[2017.05.17-20.56.29:746][  0]LogMemory: Memory total: Physical=7.9GB (8GB approx)
[2017.05.17-20.56.29:746][  0]LogMemory: Platform Memory Stats for Windows
[2017.05.17-20.56.29:746][  0]LogMemory: Process Physical Memory: 264.14 MB used, 264.14 MB peak
[2017.05.17-20.56.29:746][  0]LogMemory: Process Virtual Memory: 262.51 MB used, 262.51 MB peak
[2017.05.17-20.56.29:746][  0]LogMemory: Physical Memory: 4998.52 MB used,  3112.53 MB free, 8111.05 MB total
[2017.05.17-20.56.29:746][  0]LogMemory: Virtual Memory: 643.99 MB used,  3112.53 MB free, 134217728.00 MB total
[2017.05.17-20.56.29:959][  0]LogTextLocalizationManager: No specific translations for ('ko-KR') exist, so ('ko') translations will be used.
[2017.05.17-20.56.30:012][  0]LogTextLocalizationManager:Warning: Loaded localization resources contain conflicting entries for (Namespace:KismetSchema, Key:Default):
Localization Resource: (C:/Program Files/Epic Games/UE_4.15/Engine/Content/Localization/EditorTutorials/ko/EditorTutorials.locres) Source String Hash: (940523119) Localized String: (디폴트)
Localization Resource: (C:/Program Files/Epic Games/UE_4.15/Engine/Content/Localization/Engine/ko/Engine.locres) Source String Hash: (940523119) Localized String: (기본)
[2017.05.17-20.56.30:012][  0]LogTextLocalizationManager:Warning: Loaded localization resources contain conflicting entries for (Namespace:UObjectToolTips, Key:AnimNode_AssetPlayerBase:InternalTimeAccumulator):
Localization Resource: (C:/Program Files/Epic Games/UE_4.15/Engine/Content/Localization/EditorTutorials/ko/EditorTutorials.locres) Source String Hash: (502993589) Localized String: (이 노드에서 애셋을 레퍼런싱하는 데 사용되는 누적 시간입니다.)
Localization Resource: (C:/Program Files/Epic Games/UE_4.15/Engine/Content/Localization/ToolTips/ko/ToolTips.locres) Source String Hash: (502993589) Localized String: (내부 시간 누산기 - 이 노드에서 애셋을 레퍼런싱하는 데 사용된 누적 시간입니다.)
Localization Resource: (C:/Program Files/Epic Games/UE_4.15/Engine/Content/Localization/Engine/ko/Engine.locres) Source String Hash: (502993589) Localized String: (이 노드에서 애셋을 레퍼런싱하는 데 사용된 누적 시간입니다.)
[2017.05.17-20.56.30:012][  0]LogTextLocalizationManager:Warning: Loaded localization resources contain conflicting entries for (Namespace:UObjectToolTips, Key:AnimNode_AssetPlayerBase:bIgnoreForRelevancyTest):
Localization Resource: (C:/Program Files/Epic Games/UE_4.15/Engine/Content/Localization/EditorTutorials/ko/EditorTutorials.locres) Source String Hash: (319969718) Localized String: (True 면, 스테이트에서 최고 가중치 애니메이션을 찾는 "Relevant anim" 노드는 이 노드를 무시합니다.
 )
Localization Resource: (C:/Program Files/Epic Games/UE_4.15/Engine/Content/Localization/ToolTips/ko/ToolTips.locres) Source String Hash: (319969718) Localized String: (연관성 테스트에 무시 - true 인 경우 스테이트 내 최고 웨이팅된 애니메이션을 찾는 "Relevant anim" (연관 애님) 노드가
이 노드를 무시합니다.)
Localization Resource: (C:/Program Files/Epic Games/UE_4.15/Engine/Content/Localization/Engine/ko/Engine.locres) Source String Hash: (319969718) Localized String: (True 면 스테이트 내 최고 웨이팅된 애니메이션을 찾는 "Relevant anim" 노드가 무시됩니다.
 )
[2017.05.17-20.56.30:012][  0]LogTextLocalizationManager:Warning: Loaded localization resources contain conflicting entries for (Namespace:UObjectToolTips, Key:AnimNode_AssetPlayerBase:BlendWeight):
Localization Resource: (C:/Program Files/Epic Games/UE_4.15/Engine/Content/Localization/EditorTutorials/ko/EditorTutorials.locres) Source String Hash: (-1232800293) Localized String: (이 노드에 마지막 걸린 블렌드웨이트 입니다.)
Localization Resource: (C:/Program Files/Epic Games/UE_4.15/Engine/Content/Localization/ToolTips/ko/ToolTips.locres) Source String Hash: (-1232800293) Localized String: (블렌드 웨이트 - 이 노드에 대해 마지막으로 접한 블렌드 웨이트입니다.)
Localization Resource: (C:/Program Files/Epic Games/UE_4.15/Engine/Content/Localization/Engine/ko/Engine.locres) Source String Hash: (-1232800293) Localized String: (이 노드에 대해 마지막 접한 블렌드 웨이트)
[2017.05.17-20.56.30:012][  0]LogTextLocalizationManager:Warning: Loaded localization resources contain conflicting entries for (Namespace:UObjectToolTips, Key:AnimNode_BlendSpacePlayer:bLoop):
Localization Resource: (C:/Program Files/Epic Games/UE_4.15/Engine/Content/Localization/EditorTutorials/ko/EditorTutorials.locres) Source String Hash: (2133979316) Localized String: (애니메이션이 끝까지 재생되면 반복할까요?)
Localization Resource: (C:/Program Files/Epic Games/UE_4.15/Engine/Content/Localization/ToolTips/ko/ToolTips.locres) Source String Hash: (2133979316) Localized String: (루프 - 애니메이션이 끝에 도달했을 때 계속 반복할까요?)
[2017.05.17-20.56.30:012][  0]LogTextLocalizationManager:Warning: Loaded localization resources contain conflicting entries for (Namespace:UObjectToolTips, Key:AnimNode_StateMachine:bSkipFirstUpdateTransition):
Localization Resource: (C:/Program Files/Epic Games/UE_4.15/Engine/Content/Localization/EditorTutorials/ko/EditorTutorials.locres) Source String Hash: (1865475011) Localized String: (첫 업데이트시 도입 상태에서의 트랜지션을 건너뛸까요? 
기본은 true 로, 첫 업데이트시에는 트랜지션 데이터를 버립니다.)
Localization Resource: (C:/Program Files/Epic Games/UE_4.15/Engine/Content/Localization/ToolTips/ko/ToolTips.locres) Source String Hash: (1865475011) Localized String: (첫 번째 업데이트 트랜지션 건너뛰기 - 첫 번째 업데이트에서 입력 스테이트의 트랜지션을 건너뜁니까?
디폴트는 true 고 첫 번째 업데이트의 트랜지션 데이터를 버립니다.)
[2017.05.17-20.56.30:012][  0]LogTextLocalizationManager:Warning: Loaded localization resources contain conflicting entries for (Namespace:UObjectToolTips, Key:AnimNode_BlendSpacePlayer:X):
Localization Resource: (C:/Program Files/Epic Games/UE_4.15/Engine/Content/Localization/EditorTutorials/ko/EditorTutorials.locres) Source String Hash: (2060772590) Localized String: (블렌드스페이스에서 샘플링할 X 좌표입니다.)
Localization Resource: (C:/Program Files/Epic Games/UE_4.15/Engine/Content/Localization/ToolTips/ko/ToolTips.locres) Source String Hash: (2060772590) Localized String: (X - 블렌드스페이스 샘플의 X 좌표입니다.)
[2017.05.17-20.56.30:012][  0]LogTextLocalizationManager:Warning: Loaded localization resources contain conflicting entries for (Namespace:UObjectToolTips, Key:AnimNode_BlendSpacePlayer:Y):
Localization Resource: (C:/Program Files/Epic Games/UE_4.15/Engine/Content/Localization/EditorTutorials/ko/EditorTutorials.locres) Source String Hash: (-1719607538) Localized String: (블렌드스페이스에서 샘플링할 Y 좌표입니다.)
Localization Resource: (C:/Program Files/Epic Games/UE_4.15/Engine/Content/Localization/ToolTips/ko/ToolTips.locres) Source String Hash: (-1719607538) Localized String: (Y - 블렌드스페이스 샘플의 Y 좌표입니다.)
[2017.05.17-20.56.30:012][  0]LogTextLocalizationManager:Warning: Loaded localization resources contain conflicting entries for (Namespace:UObjectToolTips, Key:AnimNode_BlendSpacePlayer:Z):
Localization Resource: (C:/Program Files/Epic Games/UE_4.15/Engine/Content/Localization/EditorTutorials/ko/EditorTutorials.locres) Source String Hash: (1728943471) Localized String: (블렌드스페이스에서 샘플링할 Z 좌표입니다.)
Localization Resource: (C:/Program Files/Epic Games/UE_4.15/Engine/Content/Localization/ToolTips/ko/ToolTips.locres) Source String Hash: (1728943471) Localized String: (Z - 블렌드스페이스 샘플의 Z 좌표입니다.)
[2017.05.17-20.56.30:012][  0]LogTextLocalizationManager:Warning: Loaded localization resources contain conflicting entries for (Namespace:UObjectToolTips, Key:AnimNode_BlendSpacePlayer:BlendSpace):
Localization Resource: (C:/Program Files/Epic Games/UE_4.15/Engine/Content/Localization/EditorTutorials/ko/EditorTutorials.locres) Source String Hash: (1599043277) Localized String: (재생할 블렌드스페이스 애셋입니다.)
Localization Resource: (C:/Program Files/Epic Games/UE_4.15/Engine/Content/Localization/ToolTips/ko/ToolTips.locres) Source String Hash: (1599043277) Localized String: (블렌드스페이스 - 재생할 블렌드스페이스 애셋입니다.)
[2017.05.17-20.56.30:012][  0]LogTextLocalizationManager:Warning: Loaded localization resources contain conflicting entries for (Namespace:UObjectToolTips, Key:AnimNode_StateMachine:MaxTransitionsPerFrame):
Localization Resource: (C:/Program Files/Epic Games/UE_4.15/Engine/Content/Localization/EditorTutorials/ko/EditorTutorials.locres) Source String Hash: (1567650430) Localized String: (이 머신에서 한 프레임 내 '동시에' 취할 수 있는 트랜지션 최대 수입니다.)
Localization Resource: (C:/Program Files/Epic Games/UE_4.15/Engine/Content/Localization/ToolTips/ko/ToolTips.locres) Source String Hash: (1567650430) Localized String: (프레임 당 최대 트랜지션 - 한 프레임에서 이 머신이 동시에 취할 수 있는 트랜지션 최대 수입니다.)
[2017.05.17-20.56.30:012][  0]LogTextLocalizationManager:Warning: Loaded localization resources contain conflicting entries for (Namespace:UObjectToolTips, Key:AnimNode_BlendSpacePlayer:PlayRate):
Localization Resource: (C:/Program Files/Epic Games/UE_4.15/Engine/Content/Localization/EditorTutorials/ko/EditorTutorials.locres) Source String Hash: (-1274923958) Localized String: (재생 속도 배수입니다. 음수가 되면 애니메이션을 역순으로 재생하게 됩니다.)
Localization Resource: (C:/Program Files/Epic Games/UE_4.15/Engine/Content/Localization/ToolTips/ko/ToolTips.locres) Source String Hash: (-1274923958) Localized String: (재생 속도 - 재생 속도 배수입니다. 음수가 되면 애니메이션을 거꾸로 재생합니다.)
[2017.05.17-20.56.30:012][  0]LogTextLocalizationManager:Warning: Loaded localization resources contain conflicting entries for (Namespace:UObjectToolTips, Key:AnimNode_BlendSpacePlayer:StartPosition):
Localization Resource: (C:/Program Files/Epic Games/UE_4.15/Engine/Content/Localization/EditorTutorials/ko/EditorTutorials.locres) Source String Hash: (-207153555) Localized String: (시작 위치 범위는 [0,1] 이며, 재초기화시에만 적용됩니다.
루핑을 하면, 1 회전 후 0.f 부터 시작할 것입니다.)
Localization Resource: (C:/Program Files/Epic Games/UE_4.15/Engine/Content/Localization/ToolTips/ko/ToolTips.locres) Source String Hash: (-207153555) Localized String: (시작 위치 - [0, 1] 범위의 시작 위치로, 재초기화할 때만 적용됩니다.
반복하면 1회전 후 0.f 부터 시작됩니다.)
[2017.05.17-20.56.30:012][  0]LogTextLocalizationManager:Warning: Loaded localization resources contain conflicting entries for (Namespace:UObjectToolTips, Key:CameraFilmbackSettings:SensorWidth):
Localization Resource: (C:/Program Files/Epic Games/UE_4.15/Engine/Content/Localization/ToolTips/ko/ToolTips.locres) Source String Hash: (-1448580153) Localized String: (센서 폭 - 필름백 또는 디지털 센서의 가로 크기로, mm 단위입니다.)
Localization Resource: (C:/Program Files/Epic Games/UE_4.15/Engine/Content/Localization/Engine/ko/Engine.locres) Source String Hash: (-1448580153) Localized String: (필름백 또는 디지털 센서의 가로 크기로, mm 단위입니다.)
[2017.05.17-20.56.30:012][  0]LogTextLocalizationManager:Warning: Loaded localization resources contain conflicting entries for (Namespace:UObjectToolTips, Key:CameraFilmbackSettings:SensorAspectRatio):
Localization Resource: (C:/Program Files/Epic Games/UE_4.15/Engine/Content/Localization/ToolTips/ko/ToolTips.locres) Source String Hash: (-194807515) Localized String: (센서 종횡비 - 읽기 전용입니다. 센서 치수에서 계산했습니다.)
Localization Resource: (C:/Program Files/Epic Games/UE_4.15/Engine/Content/Localization/Engine/ko/Engine.locres) Source String Hash: (-194807515) Localized String: (읽기 전용입니다. 센서 크기에서 계산했습니다.)
[2017.05.17-20.56.30:012][  0]LogTextLocalizationManager:Warning: Loaded localization resources contain conflicting entries for (Namespace:UObjectToolTips, Key:AnimNode_SequencePlayer:bLoopAnimation):
Localization Resource: (C:/Program Files/Epic Games/UE_4.15/Engine/Content/Localization/ToolTips/ko/ToolTips.locres) Source String Hash: (2133979316) Localized String: (루프 - 애니메이션이 끝에 도달했을 때 계속 반복시켜야 할까요?)
Localization Resource: (C:/Program Files/Epic Games/UE_4.15/Engine/Content/Localization/Engine/ko/Engine.locres) Source String Hash: (2133979316) Localized String: (애니메이션이 끝에 도달하면 계속해서 루핑시킬것인지 입니다.)
[2017.05.17-20.56.30:012][  0]LogTextLocalizationManager:Warning: Loaded localization resources contain conflicting entries for (Namespace:UObjectToolTips, Key:AnimNode_SequencePlayer:Sequence):
Localization Resource: (C:/Program Files/Epic Games/UE_4.15/Engine/Content/Localization/ToolTips/ko/ToolTips.locres) Source String Hash: (421436424) Localized String: (시퀀스 - 재생할 애니메이션 시퀀스 애셋입니다.)
Localization Resource: (C:/Program Files/Epic Games/UE_4.15/Engine/Content/Localization/Engine/ko/Engine.locres) Source String Hash: (421436424) Localized String: (재생할 애니메이션 시퀀스 애셋입니다.)
[2017.05.17-20.56.30:012][  0]LogTextLocalizationManager:Warning: Loaded localization resources contain conflicting entries for (Namespace:UObjectToolTips, Key:AnimNode_SequencePlayer:PlayRate):
Localization Resource: (C:/Program Files/Epic Games/UE_4.15/Engine/Content/Localization/ToolTips/ko/ToolTips.locres) Source String Hash: (-1274923958) Localized String: (재생 속도 - 재생 속도 배수입니다. 음수가 될 수 있으며, 그러면 애니메이션이 거꾸로 재생됩니다.)
Localization Resource: (C:/Program Files/Epic Games/UE_4.15/Engine/Content/Localization/Engine/ko/Engine.locres) Source String Hash: (-1274923958) Localized String: (플레이 속도 배수입니다. 음수가 되면 애니메이션이 역방향으로 재생됩니다.)
[2017.05.17-20.56.30:012][  0]LogTextLocalizationManager:Warning: Loaded localization resources contain conflicting entries for (Namespace:UObjectToolTips, Key:AnimNode_SequencePlayer:StartPosition):
Localization Resource: (C:/Program Files/Epic Games/UE_4.15/Engine/Content/Localization/ToolTips/ko/ToolTips.locres) Source String Hash: (771611000) Localized String: (시작 위치 - 시작 위치로 재초기화할 때만 적용됩니다.
반복하면, 1회전 후 0.f 부터 시작됩니다.)
Localization Resource: (C:/Program Files/Epic Games/UE_4.15/Engine/Content/Localization/Engine/ko/Engine.locres) Source String Hash: (771611000) Localized String: (시작 위치로, 재초기화시에만 적용됩니다.
루핑을 하면, 1회전 후 0.f 부터 시작할 것입니다.)
[2017.05.17-20.56.30:012][  0]LogTextLocalizationManager:Warning: Loaded localization resources contain conflicting entries for (Namespace:UObjectToolTips, Key:CameraFilmbackSettings:SensorHeight):
Localization Resource: (C:/Program Files/Epic Games/UE_4.15/Engine/Content/Localization/ToolTips/ko/ToolTips.locres) Source String Hash: (-1311569777) Localized String: (센서 높이 - 필름백 또는 디지털 센서의 세로 크기로, mm 단위입니다.)
Localization Resource: (C:/Program Files/Epic Games/UE_4.15/Engine/Content/Localization/Engine/ko/Engine.locres) Source String Hash: (-1311569777) Localized String: (필름백 또는 디지털 센서의 세로 크기로, mm 단위입니다.)
[2017.05.17-20.56.30:934][  0]LogD3D11RHI: D3D11 adapters:
[2017.05.17-20.56.30:971][  0]LogD3D11RHI:    0. 'NVIDIA GeForce GTX 750 Ti' (Feature Level 11_0)
[2017.05.17-20.56.30:971][  0]LogD3D11RHI:       2016/0/4055 MB DedicatedVideo/DedicatedSystem/SharedSystem, Outputs:1, VendorId:0x10de
[2017.05.17-20.56.30:974][  0]LogD3D11RHI:    1. 'Microsoft Basic Render Driver' (Feature Level 11_0)
[2017.05.17-20.56.30:974][  0]LogD3D11RHI:       0/0/4055 MB DedicatedVideo/DedicatedSystem/SharedSystem, Outputs:0, VendorId:0x1414
[2017.05.17-20.56.30:974][  0]LogD3D11RHI: Chosen D3D11 Adapter: 0
[2017.05.17-20.56.30:980][  0]LogD3D11RHI: Creating new Direct3DDevice
[2017.05.17-20.56.30:980][  0]LogD3D11RHI:     GPU DeviceId: 0x1380 (for the marketing name, search the web for "GPU Device Id")
[2017.05.17-20.56.30:980][  0]LogWindows: EnumDisplayDevices:
[2017.05.17-20.56.30:980][  0]LogWindows:    0. 'NVIDIA GeForce GTX 750 Ti' (P:1 D:1)
[2017.05.17-20.56.30:981][  0]LogWindows:    1. 'NVIDIA GeForce GTX 750 Ti' (P:0 D:0)
[2017.05.17-20.56.30:982][  0]LogWindows:    2. 'NVIDIA GeForce GTX 750 Ti' (P:0 D:0)
[2017.05.17-20.56.30:983][  0]LogWindows: DebugString: FoundDriverCount:3 
[2017.05.17-20.56.30:983][  0]LogD3D11RHI:     Adapter Name: NVIDIA GeForce GTX 750 Ti
[2017.05.17-20.56.30:983][  0]LogD3D11RHI:   Driver Version: 376.53 (internal:21.21.13.7653, unified:376.53)
[2017.05.17-20.56.30:983][  0]LogD3D11RHI:      Driver Date: 12-29-2016
[2017.05.17-20.56.30:983][  0]LogRHI: Texture pool is 1361 MB (70% of 1945 MB)
[2017.05.17-20.56.31:008][  0]LogD3D11RHI: Async texture creation enabled
[2017.05.17-20.56.31:018][  0]LogD3D11RHI: GPU Timing Frequency: 1000.000000 (Debug: 2 1)
[2017.05.17-20.56.31:069][  0]LogShaderCompilers: Guid format shader working directory is -8 characters bigger than the processId version (../../../../../../Users/aiuv0/Desktop/Shooter/Shooter/Intermediate/Shaders/WorkingDirectory/11396/).
[2017.05.17-20.56.31:069][  0]LogShaderCompilers: Cleaned the shader compiler working directory 'C:/Users/aiuv0/AppData/Local/Temp/UnrealShaderWorkingDir/C41AA7C5493B13577E2FF3914C0C9BE4/'.
[2017.05.17-20.56.31:069][  0]LogShaderCompilers:Display: Using Local Shader Compiler.
[2017.05.17-20.56.32:888][  0]LogTemp:Display: Loaded TP AllDesktopTargetPlatform
[2017.05.17-20.56.33:013][  0]LogTemp:Display: Loaded TP MacClientTargetPlatform
[2017.05.17-20.56.33:160][  0]LogTemp:Display: Loaded TP MacNoEditorTargetPlatform
[2017.05.17-20.56.33:308][  0]LogTemp:Display: Loaded TP MacServerTargetPlatform
[2017.05.17-20.56.33:452][  0]LogTemp:Display: Loaded TP MacTargetPlatform
[2017.05.17-20.56.33:588][  0]LogTemp:Display: Loaded TP WindowsClientTargetPlatform
[2017.05.17-20.56.33:723][  0]LogTemp:Display: Loaded TP WindowsNoEditorTargetPlatform
[2017.05.17-20.56.33:862][  0]LogTemp:Display: Loaded TP WindowsServerTargetPlatform
[2017.05.17-20.56.33:984][  0]LogTemp:Display: Loaded TP WindowsTargetPlatform
[2017.05.17-20.56.34:112][  0]LogTemp:Display: Loaded TP AndroidTargetPlatform
[2017.05.17-20.56.34:249][  0]LogTemp:Display: Loaded TP Android_ASTCTargetPlatform
[2017.05.17-20.56.34:389][  0]LogTemp:Display: Loaded TP Android_ATCTargetPlatform
[2017.05.17-20.56.34:542][  0]LogTemp:Display: Loaded TP Android_DXTTargetPlatform
[2017.05.17-20.56.34:680][  0]LogTemp:Display: Loaded TP Android_ETC1TargetPlatform
[2017.05.17-20.56.34:816][  0]LogTemp:Display: Loaded TP Android_ETC2TargetPlatform
[2017.05.17-20.56.35:078][  0]LogTemp:Display: Loaded TP Android_MultiTargetPlatform
[2017.05.17-20.56.35:078][  0]LogTemp:Display: Loaded TP Android_PVRTCTargetPlatform
[2017.05.17-20.56.35:186][  0]LogTemp:Display: Loaded TP HTML5TargetPlatform
[2017.05.17-20.56.35:384][  0]LogTemp:Display: Loaded TP IOSTargetPlatform
[2017.05.17-20.56.35:454][  0]LogTemp:Display: Loaded TP TVOSTargetPlatform
[2017.05.17-20.56.35:577][  0]LogTemp:Display: Loaded TP LinuxClientTargetPlatform
[2017.05.17-20.56.35:726][  0]LogTemp:Display: Loaded TP LinuxNoEditorTargetPlatform
[2017.05.17-20.56.35:866][  0]LogTemp:Display: Loaded TP LinuxServerTargetPlatform
[2017.05.17-20.56.35:996][  0]LogTemp:Display: Loaded TP LinuxTargetPlatform
[2017.05.17-20.56.35:996][  0]LogTargetPlatformManager:Display: Building Assets For Windows
[2017.05.17-20.56.37:255][  0]LogDerivedDataCache:Display: Max Cache Size: 512 MB
[2017.05.17-20.56.37:339][  0]LogDerivedDataCache: Loaded boot cache 0.08s 50MB C:/Users/aiuv0/AppData/Local/UnrealEngine/4.15/DerivedDataCache/Boot.ddc.
[2017.05.17-20.56.37:339][  0]LogDerivedDataCache:Display: Loaded Boot cache: C:/Users/aiuv0/AppData/Local/UnrealEngine/4.15/DerivedDataCache/Boot.ddc
[2017.05.17-20.56.37:339][  0]LogDerivedDataCache: FDerivedDataBackendGraph:  Pak pak cache file ../../../../../../Users/aiuv0/Desktop/Shooter/Shooter/DerivedDataCache/DDC.ddp not found, will not use a pak cache.
[2017.05.17-20.56.37:339][  0]LogDerivedDataCache: Unable to find inner node Pak for hierarchical cache Hierarchy.
[2017.05.17-20.56.37:339][  0]LogDerivedDataCache: FDerivedDataBackendGraph:  CompressedPak pak cache file ../../../../../../Users/aiuv0/Desktop/Shooter/Shooter/DerivedDataCache/Compressed.ddp not found, will not use a pak cache.
[2017.05.17-20.56.37:339][  0]LogDerivedDataCache: Unable to find inner node CompressedPak for hierarchical cache Hierarchy.
[2017.05.17-20.56.37:360][  0]LogDerivedDataCache:Display: Pak cache opened for reading ../../../Engine/DerivedDataCache/Compressed.ddp.
[2017.05.17-20.56.37:372][  0]LogDerivedDataCache: Using Local data cache path C:/Users/aiuv0/AppData/Local/UnrealEngine/Common/DerivedDataCache: Writable
[2017.05.17-20.56.37:385][  0]LogSlate: Using Freetype 2.6.0
[2017.05.17-20.56.37:386][  0]LogSlate: SlateFontCache - WITH_FREETYPE: 1, WITH_HARFBUZZ: 1
[2017.05.17-20.56.37:386][  0]LogSlate: SlateFontCache - WITH_FREETYPE: 1, WITH_HARFBUZZ: 1
[2017.05.17-20.56.37:949][  0]LogInit: Selected Device Profile: [Windows]
[2017.05.17-20.56.37:954][  0]LogContentStreaming: Texture pool size is 0.00 MB
[2017.05.17-20.56.38:553][  0]LogMeshUtilities: Using QuadricMeshReduction for automatic static mesh reduction
[2017.05.17-20.56.38:801][  0]LogSimplygon: Simplygon DLL not present - disabling.
[2017.05.17-20.56.39:091][  0]LogMeshUtilities: Using SimplygonSwarm for distributed automatic mesh merging
[2017.05.17-20.56.39:091][  0]LogMeshUtilities: No automatic skeletal mesh reduction module available
[2017.05.17-20.56.39:091][  0]LogMeshUtilities: No automatic mesh merging module available
[2017.05.17-20.56.41:044][  0]LogNetVersion: GetLocalNetworkVersion: CL: 3299760, ProjectName: shooter, ProjectVersion: , EngineNetworkVersion: 2, GameNetworkVersion: 0, NetworkChecksum: 1589670086
[2017.05.17-20.56.41:211][  0]LogAssetRegistry: FAssetRegistry took 0.0646 seconds to start up
[2017.05.17-20.56.41:416][  0]LogPackageLocalizationCache: Processed 3 localized package path(s) for 2 prioritized culture(s) in 0.123295 seconds
[2017.05.17-20.56.41:423][  0]LogUObjectArray: 32493 objects as part of root set at end of initial load.
[2017.05.17-20.56.41:423][  0]LogUObjectAllocator: 7077024 out of 0 bytes used by permanent object pool.
[2017.05.17-20.56.41:423][  0]LogUObjectArray: CloseDisregardForGC: 0/0 objects in disregard for GC pool
[2017.05.17-20.56.41:719][  0]LogInit: WinSock: version 1.1 (2.2), MaxSocks=32767, MaxUdp=65467
[2017.05.17-20.56.46:040][  0]LogTcpMessaging: Initializing TcpMessaging bridge
[2017.05.17-20.56.46:121][  0]LogUdpMessaging: Initializing bridge on interface 0.0.0.0:0 to multicast group 230.0.0.1:6666.
[2017.05.17-20.56.47:257][  0]LogMaterial: Uniform references updated for custom material expression Custom.
[2017.05.17-20.56.48:165][  0]SourceControl: 정보 소스 콘트롤이 꺼졌습니다.
[2017.05.17-20.56.48:234][  0]SourceControl: 정보 소스 콘트롤이 꺼졌습니다.
[2017.05.17-20.56.48:359][  0]SourceControl: 정보 소스 콘트롤이 꺼졌습니다.
[2017.05.17-20.56.48:485][  0]SourceControl: 정보 소스 콘트롤이 꺼졌습니다.
[2017.05.17-20.56.51:612][  0]LogEngine: Initializing Engine...
[2017.05.17-20.56.51:614][  0]LogHMD: Failed to initialize OpenVR with code 110
[2017.05.17-20.56.52:072][  0]LogAIModule: Creating AISystem for world Untitled
[2017.05.17-20.56.52:121][  0]LogInit: XAudio2 using '스피커(High Definition Audio 장치)' : 2 channels at 44.1 kHz using 16 bits per sample (channel mask 0x3)
[2017.05.17-20.56.52:146][  0]LogInit: FAudioDevice initialized.
[2017.05.17-20.56.52:187][  0]LogDerivedDataCache: Saved boot cache 0.04s 50MB C:/Users/aiuv0/AppData/Local/UnrealEngine/4.15/DerivedDataCache/Boot.ddc.
[2017.05.17-20.56.52:195][  0]LogInit: Texture streaming: Enabled
[2017.05.17-20.56.52:424][  0]LogEngineSessionManager: EngineSessionManager initialized
[2017.05.17-20.56.52:655][  0]LogInit: Transaction tracking system initialized
[2017.05.17-20.56.53:589][  0]BlueprintLog: New page: 에디터 로드
[2017.05.17-20.56.55:951][  0]LocalizationService: 정보 현지화 서비스가 비활성화되었습니다.
[2017.05.17-20.56.57:701][  0]LogConsoleResponse:Display: 
[2017.05.17-20.56.57:910][  0]LogCook:Display: Max memory allowance for cook 16384mb min free memory 0mb
[2017.05.17-20.56.57:910][  0]LogCook:Display: Mobile HDR setting 1
[2017.05.17-20.56.58:581][  0]LogFileCache: Scanning file cache for directory 'C:/Users/aiuv0/Desktop/Shooter/Shooter/Content/' took 0.01s
[2017.05.17-20.57.00:594][  0]SourceControl: 정보 소스 콘트롤이 꺼졌습니다.
[2017.05.17-20.57.00:594][  0]Cmd: MAP LOAD FILE="../../../Engine/Content/Maps/Templates/Template_Default.umap" TEMPLATE=1 SHOWPROGRESS=1 FEATURELEVEL=3
[2017.05.17-20.57.00:595][  0]LightingResults: New page: 라이팅 빌드
[2017.05.17-20.57.00:698][  0]MapCheck: New page: 맵 체크
[2017.05.17-20.57.00:698][  0]LightingResults: New page: 라이팅 빌드
[2017.05.17-20.57.00:896][  0]LogAIModule: Creating AISystem for world Untitled_1
[2017.05.17-20.57.00:917][  0]LogActorComponent: RegisterComponentWithWorld: (/Temp/Untitled_1.Untitled_1:PersistentLevel.WorldSettings_1.StaticMeshComponent0) Trying to register component with IsPendingKill() == true. Aborting.
[2017.05.17-20.57.00:923][  0]LogEditorServer: Finished looking for orphan Actors (0.000 secs)
[2017.05.17-20.57.00:926][  0]Cmd: MAP CHECKDEP NOCLEARLOG
[2017.05.17-20.57.01:074][  0]MapCheck: 정보 맵 체크 완료: 오류 0 회, 경고 0 회, 소요 시간 147.298ms.
[2017.05.17-20.57.01:074][  0]LogFileHelpers: Loading map 'Template_Default' took 0.480
[2017.05.17-20.57.01:302][  0]LogCollectionManager: Loaded 0 collections in 0.002530 seconds
[2017.05.17-20.57.01:455][  0]LogFileCache: Scanning file cache for directory 'C:/Users/aiuv0/Desktop/Shooter/Shooter/Saved/Collections/' took 0.01s
[2017.05.17-20.57.01:455][  0]LogFileCache: Scanning file cache for directory 'C:/Users/aiuv0/Desktop/Shooter/Shooter/Content/Developers/aiuv0/Collections/' took 0.01s
[2017.05.17-20.57.01:455][  0]LogFileCache: Scanning file cache for directory 'C:/Users/aiuv0/Desktop/Shooter/Shooter/Content/Collections/' took 0.01s
[2017.05.17-20.57.01:455][  0]LogCollectionManager: Rebuilt the GUID cache for 0 collections in 0.000001 seconds
[2017.05.17-20.57.01:465][  0]LogContentBrowser: Native class hierarchy populated in 0.0093 seconds. Added 2245 classes and 453 folders.
[2017.05.17-20.57.01:469][  0]LogStats: UGameplayTagsManager::ConstructGameplayTagTree: Construct from data asset -  0.000 s
[2017.05.17-20.57.01:469][  0]LogStats: UGameplayTagsManager::ConstructGameplayTagTree: GameplayTagTreeChangedEvent.Broadcast -  0.000 s
[2017.05.17-20.57.01:634][  0]LogContentBrowser: Native class hierarchy updated for 'WidgetCarousel' in 0.0006 seconds. Added 0 classes and 0 folders.
[2017.05.17-20.57.01:728][  0]LogContentBrowser: Native class hierarchy updated for 'AddContentDialog' in 0.0006 seconds. Added 0 classes and 0 folders.
[2017.05.17-20.57.01:842][  0]LogContentBrowser: Native class hierarchy updated for 'SceneOutliner' in 0.0005 seconds. Added 1 classes and 2 folders.
[2017.05.17-20.57.01:923][  0]LogCrashTracker: Crashtracker disabled due to settings.
[2017.05.17-20.57.01:932][  0]LogUObjectGlobals:Warning: 'Class 없음.' 오브젝트를 찾는 데 실패했습니다.
[2017.05.17-20.57.02:072][  0]LogContentBrowser: Native class hierarchy updated for 'HierarchicalLODOutliner' in 0.0006 seconds. Added 1 classes and 2 folders.
[2017.05.17-20.57.02:073][  0]LogLoad: (Engine Initialization) Total time: 35.77 seconds
[2017.05.17-20.57.02:073][  0]LogLoad: (Engine Initialization) Total Blueprint compile time: 0.20 seconds
[2017.05.17-20.57.02:073][  0]LogExternalProfiler: Found external profiler: VSPerf
[2017.05.17-20.57.02:073][  0]LogExternalProfiler: Using external profiler: VSPerf
[2017.05.17-20.57.02:417][  0]LogOcInput: OculusInput pre-init called
[2017.05.17-20.57.02:439][  0]LogContentStreaming: Texture pool size now 1000 MB
[2017.05.17-20.57.02:441][  0]LogSlate: Took 0.000689 seconds to synchronously load lazily loaded font '../../../Engine/Content/Slate/Fonts/Roboto-Regular.ttf' (155K)
[2017.05.17-20.57.02:450][  0]LogSlate: Took 0.005663 seconds to synchronously load lazily loaded font '../../../Engine/Content/Slate/Fonts/NanumGothic.ttf' (4243K)
[2017.05.17-20.57.02:451][  0]LogSlate: Took 0.000502 seconds to synchronously load lazily loaded font '../../../Engine/Content/Slate/Fonts/Roboto-Bold.ttf' (160K)
[2017.05.17-20.57.02:457][  0]LogSlate: Took 0.000674 seconds to synchronously load lazily loaded font '../../../Engine/Content/Editor/Slate/Fonts/FontAwesome.ttf' (139K)
[2017.05.17-20.57.02:603][  0]LogSlate: Took 0.000562 seconds to synchronously load lazily loaded font '../../../Engine/Content/Slate/Fonts/Roboto-Light.ttf' (159K)
[2017.05.17-20.57.02:653][  0]LogRenderer: Reallocating scene render targets to support 1208x576 NumSamples 1 (Frame:2).
[2017.05.17-20.57.02:757][  1]LogAssetRegistry: Asset discovery search completed in 21.6103 seconds
[2017.05.17-20.57.02:757][  1]LogCollectionManager: Rebuilt the object cache for 0 collections in 0.000007 seconds (found 0 objects)
[2017.05.17-20.57.02:757][  1]LogCollectionManager: Fixed up redirectors for 0 collections in 0.000020 seconds (updated 0 objects)
[2017.05.17-20.57.17:820][561]LogSlate: Took 0.000428 seconds to synchronously load lazily loaded font '../../../Engine/Content/Slate/Fonts/Roboto-Light.ttf' (159K)
[2017.05.17-20.57.17:831][561]LogAIModule: Creating AISystem for world LocoLevel
[2017.05.17-20.57.17:850][561]Cmd: MAP LOAD FILE="../../../../../../Users/aiuv0/Desktop/Shooter/Shooter/Content/LocoLevel.umap" TEMPLATE=0 SHOWPROGRESS=1 FEATURELEVEL=3
[2017.05.17-20.57.17:851][561]LightingResults: New page: 라이팅 빌드
[2017.05.17-20.57.17:852][561]LoadErrors: New page: 맵 로드중: LocoLevel.umap
[2017.05.17-20.57.17:855][561]MapCheck: New page: 맵 체크
[2017.05.17-20.57.17:855][561]LightingResults: New page: 라이팅 빌드
[2017.05.17-20.57.17:868][561]LogEditorServer: Finished looking for orphan Actors (0.000 secs)
[2017.05.17-20.57.17:888][561]Cmd: MAP CHECKDEP NOCLEARLOG
[2017.05.17-20.57.18:045][561]MapCheck: 정보 맵 체크 완료: 오류 0 회, 경고 0 회, 소요 시간 156.955ms.
[2017.05.17-20.57.18:047][561]LogFileHelpers: Loading map 'LocoLevel' took 0.197
[2017.05.17-20.57.19:558][688]LogAIModule: Creating AISystem for world Untitled
[2017.05.17-20.57.19:578][688]Cmd: MAP LOAD FILE="../../../../../../Users/aiuv0/Desktop/Shooter/Shooter/Content/Untitled.umap" TEMPLATE=0 SHOWPROGRESS=1 FEATURELEVEL=3
[2017.05.17-20.57.19:578][688]LightingResults: New page: 라이팅 빌드
[2017.05.17-20.57.19:580][688]LoadErrors: New page: 맵 로드중: Untitled.umap
[2017.05.17-20.57.19:581][688]MapCheck: New page: 맵 체크
[2017.05.17-20.57.19:581][688]LightingResults: New page: 라이팅 빌드
[2017.05.17-20.57.19:595][688]LogEditorServer: Finished looking for orphan Actors (0.000 secs)
[2017.05.17-20.57.19:615][688]Cmd: MAP CHECKDEP NOCLEARLOG
[2017.05.17-20.57.19:810][688]MapCheck: 정보 맵 체크 완료: 오류 0 회, 경고 0 회, 소요 시간 195.073ms.
[2017.05.17-20.57.19:811][688]LogFileHelpers: Loading map 'Untitled' took 0.234
[2017.05.17-20.57.22:250][933]LogTemp: Repeting last play command: 선택된 뷰포트
[2017.05.17-20.57.22:261][933]LogPlayLevel: PlayLevel: No blueprints needed recompiling
[2017.05.17-20.57.22:261][933]PIE: New page: PIE 세션: Untitled (2017. 5. 18. 오후 2:57:22)
[2017.05.17-20.57.22:261][933]LogPlayLevel: Creating play world package: /Game/UEDPIE_0_Untitled
[2017.05.17-20.57.22:269][933]LogPlayLevel: PIE: StaticDuplicateObject took: (0.007098s)
[2017.05.17-20.57.22:269][933]LogAIModule: Creating AISystem for world Untitled
[2017.05.17-20.57.22:269][933]LogPlayLevel: PIE: World Init took: (0.000860s)
[2017.05.17-20.57.22:270][933]LogPlayLevel: PIE: Created PIE world by copying editor world from /Game/Untitled.Untitled to /Game/UEDPIE_0_Untitled.Untitled (0.008245s)
[2017.05.17-20.57.22:322][933]LogInit: XAudio2 using '스피커(High Definition Audio 장치)' : 2 channels at 44.1 kHz using 16 bits per sample (channel mask 0x3)
[2017.05.17-20.57.22:341][933]LogInit: FAudioDevice initialized.
[2017.05.17-20.57.22:392][933]LogLoad: Game class is 'ShooterGameMode_C'
[2017.05.17-20.57.22:395][933]LogWorld: Bringing World /Game/UEDPIE_0_Untitled.Untitled up for play (max tick rate 0) at 2017.05.18-05.57.22
[2017.05.17-20.57.22:395][933]LogWorld: Bringing up level for play took: 0.001890
[2017.05.17-20.57.22:501][933]LogContentBrowser: Native class hierarchy updated for 'MovieSceneCapture' in 0.0006 seconds. Added 11 classes and 0 folders.
[2017.05.17-20.57.22:505][933]LogBlueprintUserMessages: [HeroBP_C_0] 70.0
[2017.05.17-20.57.22:505][933]LogBlueprintUserMessages: [HUD_C_0] 0.7
[2017.05.17-20.57.22:506][933]PIE: 정보 /Game/UEDPIE_0_Untitled 에 대한 에디터에서 플레이 시작 시간: -0.24
[2017.05.17-20.57.40:214][538]LogMetaData: Removing '/Game/Enemy/EnemySpawnBP.EnemySpawnBP:UserConstructionScript.K2Node_FunctionEntry_0' ref from Metadata '/Game/Enemy/NewBlueprint.PackageMetaData'
[2017.05.17-20.57.40:214][538]LogMetaData: Removing '/Game/Enemy/EnemySpawnBP.EnemySpawnBP_C' ref from Metadata '/Game/Enemy/NewBlueprint.PackageMetaData'
[2017.05.17-20.57.40:214][538]LogMetaData: Removing '/Game/Enemy/EnemySpawnBP.EnemySpawnBP:EventGraph.K2Node_Event_0' ref from Metadata '/Game/Enemy/NewBlueprint.PackageMetaData'
[2017.05.17-20.57.40:214][538]LogMetaData: Removing '/Game/Enemy/EnemySpawnBP.EnemySpawnBP:EventGraph.K2Node_Event_1' ref from Metadata '/Game/Enemy/NewBlueprint.PackageMetaData'
[2017.05.17-20.57.40:214][538]LogMetaData: Removing '/Game/Enemy/EnemySpawnBP.EnemySpawnBP:EventGraph.K2Node_Event_2' ref from Metadata '/Game/Enemy/NewBlueprint.PackageMetaData'
[2017.05.17-20.57.40:214][538]LogMetaData: Removing '/Game/Enemy/EnemySpawnBP.SKEL_EnemySpawnBP_C' ref from Metadata '/Game/Enemy/NewBlueprint.PackageMetaData'
[2017.05.17-20.57.40:234][538]Cmd: OBJ SAVEPACKAGE PACKAGE="/Game/Enemy/EnemySpawnBP" FILE="../../../../../../Users/aiuv0/Desktop/Shooter/Shooter/Content/Enemy/EnemySpawnBP.uasset" SILENT=true
[2017.05.17-20.57.40:251][538]LogSavePackage: Save=13.72ms
[2017.05.17-20.57.40:251][538]LogSavePackage: Moving '../../../../../../Users/aiuv0/Desktop/Shooter/Shooter/Saved/EnemySpawnBP714DEDF04FC04140A0F2A0BE3112FCDA.tmp' to '../../../../../../Users/aiuv0/Desktop/Shooter/Shooter/Content/Enemy/EnemySpawnBP.uasset'
[2017.05.17-20.57.40:256][538]LogSavePackage:Display: Finished SavePackage ../../../../../../Users/aiuv0/Desktop/Shooter/Shooter/Content/Enemy/EnemySpawnBP.uasset
[2017.05.17-20.57.40:264][538]Cmd: OBJ SAVEPACKAGE PACKAGE="/Game/Enemy/NewBlueprint" FILE="../../../../../../Users/aiuv0/Desktop/Shooter/Shooter/Content/Enemy/NewBlueprint.uasset" SILENT=true
[2017.05.17-20.57.40:279][538]LogSavePackage: Save=4.74ms
[2017.05.17-20.57.40:279][538]LogSavePackage: Moving '../../../../../../Users/aiuv0/Desktop/Shooter/Shooter/Saved/NewBlueprint52790B414D349BE54513F7AEE3611027.tmp' to '../../../../../../Users/aiuv0/Desktop/Shooter/Shooter/Content/Enemy/NewBlueprint.uasset'
[2017.05.17-20.57.40:284][538]LogSavePackage:Display: Finished SavePackage ../../../../../../Users/aiuv0/Desktop/Shooter/Shooter/Content/Enemy/NewBlueprint.uasset
[2017.05.17-20.57.41:801][661]LogEditorViewport: Clicking on Actor (LMB): EnemySpawnBP_C (NewBlueprint)
[2017.05.17-20.57.41:860][664]LogEditorViewport: Clicking on Component (LMB): SceneComponent (DefaultSceneRoot)
[2017.05.17-20.57.43:449][740]LogContentBrowser: Native class hierarchy updated for 'BlueprintGraph' in 0.0009 seconds. Added 112 classes and 0 folders.
[2017.05.17-20.57.44:044][740]LogSlate: Took 0.000542 seconds to synchronously load lazily loaded font '../../../Engine/Content/Slate/Fonts/Roboto-Regular.ttf' (155K)
[2017.05.17-20.57.44:128][740]LogSlate: Took 0.000743 seconds to synchronously load lazily loaded font '../../../Engine/Content/Editor/Slate/Fonts/Roboto-BoldCondensed.ttf' (158K)
[2017.05.17-20.57.49:631][ 84]LogRenderer: Reallocating scene render targets to support 1232x632 NumSamples 1 (Frame:4045).
[2017.05.17-20.57.56:563][541]LogSlate: Took 0.000720 seconds to synchronously load lazily loaded font '../../../Engine/Content/Editor/Slate/Fonts/Roboto-Italic.ttf' (157K)
[2017.05.17-20.58.06:958][238]BlueprintLog: New page: EnemySpawnBP 컴파일
[2017.05.17-20.58.07:465][252]Cmd: OBJ SAVEPACKAGE PACKAGE="/Game/Enemy/EnemySpawnBP" FILE="../../../../../../Users/aiuv0/Desktop/Shooter/Shooter/Content/Enemy/EnemySpawnBP.uasset" SILENT=true
[2017.05.17-20.58.07:488][252]LogSavePackage: Save=11.22ms
[2017.05.17-20.58.07:488][252]LogSavePackage: Moving '../../../../../../Users/aiuv0/Desktop/Shooter/Shooter/Saved/EnemySpawnBP98ADB3D545D86F49EEC7F7837650C4C5.tmp' to '../../../../../../Users/aiuv0/Desktop/Shooter/Shooter/Content/Enemy/EnemySpawnBP.uasset'
[2017.05.17-20.58.07:493][252]LogSavePackage:Display: Finished SavePackage ../../../../../../Users/aiuv0/Desktop/Shooter/Shooter/Content/Enemy/EnemySpawnBP.uasset
[2017.05.17-20.58.09:881][442]LogTemp: Repeting last play command: 선택된 뷰포트
[2017.05.17-20.58.09:897][442]LogPlayLevel: PlayLevel: No blueprints needed recompiling
[2017.05.17-20.58.09:897][442]PIE: New page: PIE 세션: Untitled (2017. 5. 18. 오후 2:58:09)
[2017.05.17-20.58.09:897][442]LogPlayLevel: Creating play world package: /Game/UEDPIE_0_Untitled
[2017.05.17-20.58.09:903][442]LogPlayLevel: PIE: StaticDuplicateObject took: (0.006480s)
[2017.05.17-20.58.09:904][442]LogAIModule: Creating AISystem for world Untitled
[2017.05.17-20.58.09:904][442]LogPlayLevel: PIE: World Init took: (0.000948s)
[2017.05.17-20.58.09:905][442]LogPlayLevel: PIE: Created PIE world by copying editor world from /Game/Untitled.Untitled to /Game/UEDPIE_0_Untitled.Untitled (0.007641s)
[2017.05.17-20.58.09:963][442]LogInit: XAudio2 using '스피커(High Definition Audio 장치)' : 2 channels at 44.1 kHz using 16 bits per sample (channel mask 0x3)
[2017.05.17-20.58.09:987][442]LogInit: FAudioDevice initialized.
[2017.05.17-20.58.10:022][442]LogLoad: Game class is 'ShooterGameMode_C'
[2017.05.17-20.58.10:024][442]LogWorld: Bringing World /Game/UEDPIE_0_Untitled.Untitled up for play (max tick rate 0) at 2017.05.18-05.58.10
[2017.05.17-20.58.10:024][442]LogWorld: Bringing up level for play took: 0.001412
[2017.05.17-20.58.10:029][442]PIE: 정보 /Game/UEDPIE_0_Untitled 에 대한 에디터에서 플레이 시작 시간: -0.717
[2017.05.17-20.58.12:456][721]LogBlueprintUserMessages: [HeroBP_C_0] 70.0
[2017.05.17-20.58.12:456][721]LogBlueprintUserMessages: [HUD_C_1] 0.7
[2017.05.17-20.58.16:406][154]LogEditorViewport: Clicking on Actor (LMB): EnemyBP_C (EnemyBP)
[2017.05.17-20.58.17:125][207]Cmd: DELETE
[2017.05.17-20.58.17:125][207]Cmd: ACTOR DELETE
[2017.05.17-20.58.17:126][207]LogEditorActor: Deleted Actor: EnemyBP_C
[2017.05.17-20.58.17:141][207]LogEditorActor: Deleted 1 Actors (0.016 secs)
[2017.05.17-20.58.17:572][255]LogTemp: Repeting last play command: 선택된 뷰포트
[2017.05.17-20.58.17:585][255]LogPlayLevel: PlayLevel: No blueprints needed recompiling
[2017.05.17-20.58.17:585][255]PIE: New page: PIE 세션: Untitled (2017. 5. 18. 오후 2:58:17)
[2017.05.17-20.58.17:586][255]LogPlayLevel: Creating play world package: /Game/UEDPIE_0_Untitled
[2017.05.17-20.58.17:591][255]LogPlayLevel: PIE: StaticDuplicateObject took: (0.005470s)
[2017.05.17-20.58.17:592][255]LogAIModule: Creating AISystem for world Untitled
[2017.05.17-20.58.17:592][255]LogPlayLevel: PIE: World Init took: (0.000820s)
[2017.05.17-20.58.17:592][255]LogPlayLevel: PIE: Created PIE world by copying editor world from /Game/Untitled.Untitled to /Game/UEDPIE_0_Untitled.Untitled (0.006527s)
[2017.05.17-20.58.17:650][255]LogInit: XAudio2 using '스피커(High Definition Audio 장치)' : 2 channels at 44.1 kHz using 16 bits per sample (channel mask 0x3)
[2017.05.17-20.58.17:669][255]LogInit: FAudioDevice initialized.
[2017.05.17-20.58.17:706][255]LogLoad: Game class is 'ShooterGameMode_C'
[2017.05.17-20.58.17:708][255]LogWorld: Bringing World /Game/UEDPIE_0_Untitled.Untitled up for play (max tick rate 0) at 2017.05.18-05.58.17
[2017.05.17-20.58.17:708][255]LogWorld: Bringing up level for play took: 0.001023
[2017.05.17-20.58.17:712][255]PIE: 정보 /Game/UEDPIE_0_Untitled 에 대한 에디터에서 플레이 시작 시간: 0.966
[2017.05.17-20.58.22:113][756]LogEditorViewport: Clicking on Actor (LMB): EnemySpawnBP_C (NewBlueprint)
[2017.05.17-20.58.24:385][993]Cmd: DELETE
[2017.05.17-20.58.24:385][993]Cmd: ACTOR DELETE
[2017.05.17-20.58.24:386][993]LogEditorActor: Deleted Actor: EnemySpawnBP_C
[2017.05.17-20.58.24:402][993]LogEditorActor: Deleted 1 Actors (0.016 secs)
[2017.05.17-20.58.40:796][334]Cmd: OBJ SAVEPACKAGE PACKAGE="/Game/Untitled" FILE="../../../../../../Users/aiuv0/Desktop/Shooter/Shooter/Content/Untitled.umap" SILENT=true AUTOSAVING=false KEEPDIRTY=false
[2017.05.17-20.58.40:860][334]LogSavePackage: Save=32.90ms
[2017.05.17-20.58.40:860][334]LogSavePackage: Moving '../../../../../../Users/aiuv0/Desktop/Shooter/Shooter/Saved/Untitled92365EAE443A27CCD6987EB52084FF7D.tmp' to '../../../../../../Users/aiuv0/Desktop/Shooter/Shooter/Content/Untitled.umap'
[2017.05.17-20.58.40:865][334]LogSavePackage:Display: Finished SavePackage ../../../../../../Users/aiuv0/Desktop/Shooter/Shooter/Content/Untitled.umap
[2017.05.17-20.58.40:885][334]LogFileHelpers: Saving map 'Untitled' took 0.288
[2017.05.17-20.58.40:888][334]Cmd: OBJ SAVEPACKAGE PACKAGE="/Game/Enemy/EnemySpawnBP" FILE="../../../../../../Users/aiuv0/Desktop/Shooter/Shooter/Content/Enemy/EnemySpawnBP.uasset" SILENT=true
[2017.05.17-20.58.40:909][334]LogSavePackage: Save=12.44ms
[2017.05.17-20.58.40:909][334]LogSavePackage: Moving '../../../../../../Users/aiuv0/Desktop/Shooter/Shooter/Saved/EnemySpawnBP89588B954714A08CD096E5A7A5BF2188.tmp' to '../../../../../../Users/aiuv0/Desktop/Shooter/Shooter/Content/Enemy/EnemySpawnBP.uasset'
[2017.05.17-20.58.40:914][334]LogSavePackage:Display: Finished SavePackage ../../../../../../Users/aiuv0/Desktop/Shooter/Shooter/Content/Enemy/EnemySpawnBP.uasset
[2017.05.17-20.58.41:705][398]BlueprintLog: New page: EnemySpawnBP 컴파일
[2017.05.17-20.58.42:259][434]Cmd: OBJ SAVEPACKAGE PACKAGE="/Game/Enemy/EnemySpawnBP" FILE="../../../../../../Users/aiuv0/Desktop/Shooter/Shooter/Content/Enemy/EnemySpawnBP.uasset" SILENT=true
[2017.05.17-20.58.42:281][434]LogSavePackage: Save=12.27ms
[2017.05.17-20.58.42:281][434]LogSavePackage: Moving '../../../../../../Users/aiuv0/Desktop/Shooter/Shooter/Saved/EnemySpawnBP7026E814411C4E609AE0908AF749E18A.tmp' to '../../../../../../Users/aiuv0/Desktop/Shooter/Shooter/Content/Enemy/EnemySpawnBP.uasset'
[2017.05.17-20.58.42:284][434]LogSavePackage:Display: Finished SavePackage ../../../../../../Users/aiuv0/Desktop/Shooter/Shooter/Content/Enemy/EnemySpawnBP.uasset
[2017.05.17-20.58.43:504][548]LogTemp: Repeting last play command: 선택된 뷰포트
[2017.05.17-20.58.43:518][548]LogPlayLevel: PlayLevel: No blueprints needed recompiling
[2017.05.17-20.58.43:518][548]PIE: New page: PIE 세션: Untitled (2017. 5. 18. 오후 2:58:43)
[2017.05.17-20.58.43:518][548]LogPlayLevel: Creating play world package: /Game/UEDPIE_0_Untitled
[2017.05.17-20.58.43:523][548]LogPlayLevel: PIE: StaticDuplicateObject took: (0.005281s)
[2017.05.17-20.58.43:524][548]LogAIModule: Creating AISystem for world Untitled
[2017.05.17-20.58.43:524][548]LogPlayLevel: PIE: World Init took: (0.000698s)
[2017.05.17-20.58.43:524][548]LogPlayLevel: PIE: Created PIE world by copying editor world from /Game/Untitled.Untitled to /Game/UEDPIE_0_Untitled.Untitled (0.006223s)
[2017.05.17-20.58.43:590][548]LogInit: XAudio2 using '스피커(High Definition Audio 장치)' : 2 channels at 44.1 kHz using 16 bits per sample (channel mask 0x3)
[2017.05.17-20.58.43:609][548]LogInit: FAudioDevice initialized.
[2017.05.17-20.58.43:642][548]LogLoad: Game class is 'ShooterGameMode_C'
[2017.05.17-20.58.43:644][548]LogWorld: Bringing World /Game/UEDPIE_0_Untitled.Untitled up for play (max tick rate 0) at 2017.05.18-05.58.43
[2017.05.17-20.58.43:644][548]LogWorld: Bringing up level for play took: 0.000936
[2017.05.17-20.58.43:647][548]PIE: 정보 /Game/UEDPIE_0_Untitled 에 대한 에디터에서 플레이 시작 시간: 0.902
[2017.05.17-20.58.46:715][831]LogTemp: Repeting last play command: 선택된 뷰포트
[2017.05.17-20.58.46:726][831]LogPlayLevel: PlayLevel: No blueprints needed recompiling
[2017.05.17-20.58.46:726][831]PIE: New page: PIE 세션: Untitled (2017. 5. 18. 오후 2:58:46)
[2017.05.17-20.58.46:726][831]LogPlayLevel: Creating play world package: /Game/UEDPIE_0_Untitled
[2017.05.17-20.58.46:732][831]LogPlayLevel: PIE: StaticDuplicateObject took: (0.005943s)
[2017.05.17-20.58.46:733][831]LogAIModule: Creating AISystem for world Untitled
[2017.05.17-20.58.46:735][831]LogPlayLevel: PIE: World Init took: (0.002641s)
[2017.05.17-20.58.46:736][831]LogPlayLevel: PIE: Created PIE world by copying editor world from /Game/Untitled.Untitled to /Game/UEDPIE_0_Untitled.Untitled (0.009361s)
[2017.05.17-20.58.46:802][831]LogInit: XAudio2 using '스피커(High Definition Audio 장치)' : 2 channels at 44.1 kHz using 16 bits per sample (channel mask 0x3)
[2017.05.17-20.58.46:819][831]LogInit: FAudioDevice initialized.
[2017.05.17-20.58.46:852][831]LogLoad: Game class is 'ShooterGameMode_C'
[2017.05.17-20.58.46:854][831]LogWorld: Bringing World /Game/UEDPIE_0_Untitled.Untitled up for play (max tick rate 0) at 2017.05.18-05.58.46
[2017.05.17-20.58.46:854][831]LogWorld: Bringing up level for play took: 0.000864
[2017.05.17-20.58.46:858][831]PIE: 정보 /Game/UEDPIE_0_Untitled 에 대한 에디터에서 플레이 시작 시간: 0.112
[2017.05.17-20.58.54:076][584]LogEditorViewport: Clicking on Actor (LMB): StaticMeshActor (Floor)
[2017.05.17-20.58.55:096][654]LogEditorViewport: Clicking on Actor (LMB): StaticMeshActor (Floor)
[2017.05.17-20.58.57:891][937]Cmd: TRANSACTION UNDO
[2017.05.17-20.58.57:891][937]LogEditorTransaction: Undo 액터 이동
[2017.05.17-20.58.57:907][937]LogSlate: Took 0.000684 seconds to synchronously load lazily loaded font '../../../Engine/Content/Slate/Fonts/Roboto-Light.ttf' (159K)
[2017.05.17-20.58.58:765][ 11]LogEditorViewport: Clicking on Actor (LMB): StaticMeshActor (Floor)
[2017.05.17-20.58.59:212][ 54]LogEditorViewport: Clicking on Actor (LMB): PlayerStart (Player Start)
[2017.05.17-20.59.00:684][198]LogNavigationPoint: PostEditMove Clear paths rebuilt
[2017.05.17-20.59.02:979][423]LogTemp: Repeting last play command: 선택된 뷰포트
[2017.05.17-20.59.02:995][423]LogPlayLevel: PlayLevel: No blueprints needed recompiling
[2017.05.17-20.59.02:995][423]PIE: New page: PIE 세션: Untitled (2017. 5. 18. 오후 2:59:02)
[2017.05.17-20.59.02:995][423]LogPlayLevel: Creating play world package: /Game/UEDPIE_0_Untitled
[2017.05.17-20.59.03:001][423]LogPlayLevel: PIE: StaticDuplicateObject took: (0.006379s)
[2017.05.17-20.59.03:003][423]LogAIModule: Creating AISystem for world Untitled
[2017.05.17-20.59.03:004][423]LogPlayLevel: PIE: World Init took: (0.001812s)
[2017.05.17-20.59.03:004][423]LogPlayLevel: PIE: Created PIE world by copying editor world from /Game/Untitled.Untitled to /Game/UEDPIE_0_Untitled.Untitled (0.008469s)
[2017.05.17-20.59.03:058][423]LogInit: XAudio2 using '스피커(High Definition Audio 장치)' : 2 channels at 44.1 kHz using 16 bits per sample (channel mask 0x3)
[2017.05.17-20.59.03:075][423]LogInit: FAudioDevice initialized.
[2017.05.17-20.59.03:111][423]LogLoad: Game class is 'ShooterGameMode_C'
[2017.05.17-20.59.03:112][423]LogWorld: Bringing World /Game/UEDPIE_0_Untitled.Untitled up for play (max tick rate 0) at 2017.05.18-05.59.03
[2017.05.17-20.59.03:112][423]LogWorld: Bringing up level for play took: 0.000736
[2017.05.17-20.59.03:116][423]PIE: 정보 /Game/UEDPIE_0_Untitled 에 대한 에디터에서 플레이 시작 시간: 0.371
[2017.05.17-20.59.06:077][748]LogEditorViewport: Clicking on Actor (LMB): PlayerStart (Player Start)
[2017.05.17-20.59.06:568][798]LogEditorViewport: Clicking on Actor (LMB): StaticMeshActor (Floor)
[2017.05.17-20.59.07:028][836]LogEditorViewport: Clicking on Actor (LMB): StaticMeshActor (Floor)
[2017.05.17-20.59.07:540][888]LogEditorViewport: Clicking on Actor (LMB): EnemySpawnBP_C (EnemySpawnBP)
[2017.05.17-20.59.07:986][929]Cmd: DELETE
[2017.05.17-20.59.07:986][929]Cmd: ACTOR DELETE
[2017.05.17-20.59.07:987][929]LogEditorActor: Deleted Actor: EnemySpawnBP_C
[2017.05.17-20.59.08:001][929]LogEditorActor: Deleted 1 Actors (0.015 secs)
[2017.05.17-20.59.24:309][887]LogObjectTools:Warning: ForceReplaceReferences replaced references for a transient object 'DEADCLASS_EnemySpawnBP_C_0' or package '/Engine/Transient'.
[2017.05.17-20.59.24:309][887]LogObjectTools:Warning: ForceReplaceReferences replaced references for a transient object 'SimpleConstructionScript_0' or package '/Engine/Transient'.
[2017.05.17-20.59.24:309][887]LogObjectTools:Warning: ForceReplaceReferences replaced references for a transient object 'DefaultSceneRoot_GEN_VARIABLE' or package '/Engine/Transient'.
[2017.05.17-20.59.24:309][887]LogObjectTools:Warning: ForceReplaceReferences replaced references for a transient object 'Box_GEN_VARIABLE' or package '/Engine/Transient'.
[2017.05.17-20.59.24:309][887]LogObjectTools:Warning: ForceReplaceReferences replaced references for a transient object 'DEADCLASS_EnemySpawnBP_C_1' or package '/Engine/Transient'.
[2017.05.17-20.59.24:309][887]LogObjectTools:Warning: ForceReplaceReferences replaced references for a transient object 'REINST_SKEL_EnemySpawnBP_C_55' or package '/Engine/Transient'.
[2017.05.17-20.59.24:309][887]LogObjectTools:Warning: ForceReplaceReferences replaced references for a transient object 'UberGraphFrame' or package '/Engine/Transient'.
[2017.05.17-20.59.24:310][887]LogObjectTools:Warning: ForceReplaceReferences replaced references for a transient object 'UserConstructionScript' or package '/Engine/Transient'.
[2017.05.17-20.59.24:310][887]LogObjectTools:Warning: ForceReplaceReferences replaced references for a transient object 'ReceiveBeginPlay' or package '/Engine/Transient'.
[2017.05.17-20.59.24:310][887]LogObjectTools:Warning: ForceReplaceReferences replaced references for a transient object 'ExecuteUbergraph_EnemySpawnBP' or package '/Engine/Transient'.
[2017.05.17-20.59.24:310][887]LogObjectTools:Warning: ForceReplaceReferences replaced references for a transient object 'ReceiveBeginPlay' or package '/Game/Enemy/EnemySpawnBP'.
[2017.05.17-20.59.24:310][887]LogObjectTools:Warning: ForceReplaceReferences replaced references for a transient object 'Box' or package '/Engine/Transient'.
[2017.05.17-20.59.24:310][887]LogObjectTools:Warning: ForceReplaceReferences replaced references for a transient object 'DefaultSceneRoot' or package '/Engine/Transient'.
[2017.05.17-20.59.24:310][887]LogObjectTools:Warning: ForceReplaceReferences replaced references for a transient object 'REINST_SKEL_EnemySpawnBP_C_80' or package '/Engine/Transient'.
[2017.05.17-20.59.24:310][887]LogObjectTools:Warning: ForceReplaceReferences replaced references for a transient object 'REINST_EnemySpawnBP_C_79' or package '/Engine/Transient'.
[2017.05.17-20.59.28:361][292]LogEditorViewport: Clicking on Actor (LMB): StaticMeshActor (Floor)
[2017.05.17-21.02.01:064][617]LogBlueprint:Warning: [EnemySpawnerBP] 'NumberEnemies' variable not found. Base class was probably changed.
[2017.05.17-21.02.01:069][617]LogBlueprint:Error: [Compiler EnemySpawnerBP] 오류 이름이 "IncreaseNumberEnemies" 인 함수를 'ShooterGameMode_C' 에서 찾을 수 없었습니다.
'ShooterGameMode_C' 컴파일이  Increase Number Enemies  에 대해 되었는지 확인하세요.
[2017.05.17-21.02.01:069][617]LogBlueprint:Warning: [Compiler EnemySpawnerBP] 경고 이름이 "NumberEnemies" 인 함수를 'ShooterGameMode_C' 에서 찾을 수 없었습니다.
'ShooterGameMode_C' 컴파일이  NumberEnemies 구하기  에 대해 되었는지 확인하세요.
[2017.05.17-21.02.01:073][617]LogBlueprint:Error: [Compiler EnemySpawnerBP] 오류  Number Enemies  와 연관된 프로퍼티를 찾지 못했습니다.
[2017.05.17-21.02.01:077][617]LogBlueprint:Warning: [Compiler EnemySpawnerBP] 경고 [0334.77] EnemySpawnerBP 컴파일에 실패했습니다. 치명적 문제 2 회, 경고 1 회, [소요시간 12 ms] (/Game/Enemy/EnemySpawnerBP.EnemySpawnerBP)
[2017.05.17-21.02.01:077][617]LogBlueprint:Warning: [Compiler EnemySpawnerBP] 경고 [0334.77] EnemySpawnerBP 컴파일에 실패했습니다. 치명적 문제 2 회, 경고 2 회, [소요시간 0 ms] (/Game/Enemy/EnemySpawnerBP.EnemySpawnerBP)
[2017.05.17-21.02.01:077][617]LogBlueprint:Warning: [Compiler EnemySpawnerBP] 경고 [0334.77] EnemySpawnerBP 컴파일에 실패했습니다. 치명적 문제 2 회, 경고 3 회, [소요시간 0 ms] (/Game/Enemy/EnemySpawnerBP.EnemySpawnerBP)
[2017.05.17-21.02.01:077][617]LogBlueprint:Warning: [EnemySpawnerBP] 'NumberEnemies' variable not found. Base class was probably changed.
[2017.05.17-21.02.10:519][202]Cmd: OBJ SAVEPACKAGE PACKAGE="/Game/Untitled" FILE="../../../../../../Users/aiuv0/Desktop/Shooter/Shooter/Content/Untitled.umap" SILENT=true AUTOSAVING=false KEEPDIRTY=false
[2017.05.17-21.02.10:596][202]LogSavePackage: Save=49.58ms
[2017.05.17-21.02.10:596][202]LogSavePackage: Moving '../../../../../../Users/aiuv0/Desktop/Shooter/Shooter/Saved/Untitled0ECB5F2A42E020CA15DC7E94AF98B2D6.tmp' to '../../../../../../Users/aiuv0/Desktop/Shooter/Shooter/Content/Untitled.umap'
[2017.05.17-21.02.10:601][202]LogSavePackage:Display: Finished SavePackage ../../../../../../Users/aiuv0/Desktop/Shooter/Shooter/Content/Untitled.umap
[2017.05.17-21.02.10:620][202]LogFileHelpers: Saving map 'Untitled' took 0.298
[2017.05.17-21.02.10:622][202]Cmd: OBJ SAVEPACKAGE PACKAGE="/Game/Enemy/EnemySpawnerBP" FILE="../../../../../../Users/aiuv0/Desktop/Shooter/Shooter/Content/Enemy/EnemySpawnerBP.uasset" SILENT=true
[2017.05.17-21.02.10:646][202]LogSavePackage: Save=14.80ms
[2017.05.17-21.02.10:646][202]LogSavePackage: Moving '../../../../../../Users/aiuv0/Desktop/Shooter/Shooter/Saved/EnemySpawnerBP359339244A69BA6DC6D7F79D6670A9E8.tmp' to '../../../../../../Users/aiuv0/Desktop/Shooter/Shooter/Content/Enemy/EnemySpawnerBP.uasset'
[2017.05.17-21.02.10:651][202]LogSavePackage:Display: Finished SavePackage ../../../../../../Users/aiuv0/Desktop/Shooter/Shooter/Content/Enemy/EnemySpawnerBP.uasset
[2017.05.17-21.02.10:655][202]Cmd: OBJ SAVEPACKAGE PACKAGE="/Game/Enemy/NewBlueprint" FILE="../../../../../../Users/aiuv0/Desktop/Shooter/Shooter/Content/Enemy/NewBlueprint.uasset" SILENT=true
[2017.05.17-21.02.10:668][202]LogSavePackage: Save=2.11ms
[2017.05.17-21.02.10:668][202]LogSavePackage: Moving '../../../../../../Users/aiuv0/Desktop/Shooter/Shooter/Saved/NewBlueprint296033164F9D8D2699B380BF8A284154.tmp' to '../../../../../../Users/aiuv0/Desktop/Shooter/Shooter/Content/Enemy/NewBlueprint.uasset'
[2017.05.17-21.02.10:673][202]LogSavePackage:Display: Finished SavePackage ../../../../../../Users/aiuv0/Desktop/Shooter/Shooter/Content/Enemy/NewBlueprint.uasset
[2017.05.17-21.02.15:205][359]LogDialogs:Warning: Suppressed: Variable NumberEnemies is in use! Do you really want to delete it?
[2017.05.17-21.02.46:462][684]Cmd: OBJ SAVEPACKAGE PACKAGE="/Game/Enemy/EnemySpawnerBP" FILE="../../../../../../Users/aiuv0/Desktop/Shooter/Shooter/Content/Enemy/EnemySpawnerBP.uasset" SILENT=true
[2017.05.17-21.02.46:484][684]LogSavePackage: Save=12.48ms
[2017.05.17-21.02.46:484][684]LogSavePackage: Moving '../../../../../../Users/aiuv0/Desktop/Shooter/Shooter/Saved/EnemySpawnerBPFA561B6C48759CD4CF1C7EBE13BC9B40.tmp' to '../../../../../../Users/aiuv0/Desktop/Shooter/Shooter/Content/Enemy/EnemySpawnerBP.uasset'
[2017.05.17-21.02.46:490][684]LogSavePackage:Display: Finished SavePackage ../../../../../../Users/aiuv0/Desktop/Shooter/Shooter/Content/Enemy/EnemySpawnerBP.uasset
[2017.05.17-21.02.46:865][709]LogSlate:Warning: Prevented a slow task dialog from being summoned while a context menu was open
[2017.05.17-21.02.52:957][165]Cmd: OBJ SAVEPACKAGE PACKAGE="/Game/Enemy/EnemySpawnerBP" FILE="../../../../../../Users/aiuv0/Desktop/Shooter/Shooter/Content/Enemy/EnemySpawnerBP.uasset" SILENT=true
[2017.05.17-21.02.52:978][165]LogSavePackage: Save=12.32ms
[2017.05.17-21.02.52:978][165]LogSavePackage: Moving '../../../../../../Users/aiuv0/Desktop/Shooter/Shooter/Saved/EnemySpawnerBP180411F040A27B648FD73CA01FC0B2CA.tmp' to '../../../../../../Users/aiuv0/Desktop/Shooter/Shooter/Content/Enemy/EnemySpawnerBP.uasset'
[2017.05.17-21.02.52:983][165]LogSavePackage:Display: Finished SavePackage ../../../../../../Users/aiuv0/Desktop/Shooter/Shooter/Content/Enemy/EnemySpawnerBP.uasset
[2017.05.17-21.02.55:174][324]BlueprintLog: New page: EnemySpawnerBP 컴파일
[2017.05.17-21.02.55:699][348]Cmd: OBJ SAVEPACKAGE PACKAGE="/Game/Enemy/EnemySpawnerBP" FILE="../../../../../../Users/aiuv0/Desktop/Shooter/Shooter/Content/Enemy/EnemySpawnerBP.uasset" SILENT=true
[2017.05.17-21.02.55:723][348]LogSavePackage: Save=14.77ms
[2017.05.17-21.02.55:723][348]LogSavePackage: Moving '../../../../../../Users/aiuv0/Desktop/Shooter/Shooter/Saved/EnemySpawnerBP02E2C15141AE44972902C7A94E617307.tmp' to '../../../../../../Users/aiuv0/Desktop/Shooter/Shooter/Content/Enemy/EnemySpawnerBP.uasset'
[2017.05.17-21.02.55:727][348]LogSavePackage:Display: Finished SavePackage ../../../../../../Users/aiuv0/Desktop/Shooter/Shooter/Content/Enemy/EnemySpawnerBP.uasset
[2017.05.17-21.03.14:188][351]LogTemp: Repeting last play command: 선택된 뷰포트
[2017.05.17-21.03.14:199][351]LogPlayLevel: PlayLevel: No blueprints needed recompiling
[2017.05.17-21.03.14:199][351]PIE: New page: PIE 세션: Untitled (2017. 5. 18. 오후 3:03:14)
[2017.05.17-21.03.14:199][351]LogPlayLevel: Creating play world package: /Game/UEDPIE_0_Untitled
[2017.05.17-21.03.14:205][351]LogPlayLevel: PIE: StaticDuplicateObject took: (0.006200s)
[2017.05.17-21.03.14:206][351]LogAIModule: Creating AISystem for world Untitled
[2017.05.17-21.03.14:206][351]LogPlayLevel: PIE: World Init took: (0.000877s)
[2017.05.17-21.03.14:206][351]LogPlayLevel: PIE: Created PIE world by copying editor world from /Game/Untitled.Untitled to /Game/UEDPIE_0_Untitled.Untitled (0.007294s)
[2017.05.17-21.03.14:258][351]LogInit: XAudio2 using '스피커(High Definition Audio 장치)' : 2 channels at 44.1 kHz using 16 bits per sample (channel mask 0x3)
[2017.05.17-21.03.14:276][351]LogInit: FAudioDevice initialized.
[2017.05.17-21.03.14:314][351]LogLoad: Game class is 'ShooterGameMode_C'
[2017.05.17-21.03.14:316][351]LogWorld: Bringing World /Game/UEDPIE_0_Untitled.Untitled up for play (max tick rate 0) at 2017.05.18-06.03.14
[2017.05.17-21.03.14:316][351]LogWorld: Bringing up level for play took: 0.000968
[2017.05.17-21.03.14:319][351]PIE: 정보 /Game/UEDPIE_0_Untitled 에 대한 에디터에서 플레이 시작 시간: -0.427
[2017.05.17-21.03.16:437][597]LogBlueprintUserMessages: [HeroBP_C_0] 70.0
[2017.05.17-21.03.16:437][597]LogBlueprintUserMessages: [HUD_C_6] 0.7
[2017.05.17-21.03.16:796][639]LogSpawn:Warning: SpawnActor failed because of collision at the spawn location [X=238.533 Y=-1837.434 Z=250.951] for [EnemyBP_C]
[2017.05.17-21.03.19:970][984]LogEditorViewport: Clicking on Actor (LMB): EnemySpawnerBP_C (EnemySpawnerBP)
[2017.05.17-21.03.21:712][177]LogEditorViewport: Clicking on Actor (LMB): EnemySpawnerBP_C (EnemySpawnerBP)
[2017.05.17-21.03.24:000][405]Cmd: OBJ SAVEPACKAGE PACKAGE="/Game/Untitled" FILE="../../../../../../Users/aiuv0/Desktop/Shooter/Shooter/Content/Untitled.umap" SILENT=true AUTOSAVING=false KEEPDIRTY=false
[2017.05.17-21.03.24:059][405]LogSavePackage: Save=33.12ms
[2017.05.17-21.03.24:059][405]LogSavePackage: Moving '../../../../../../Users/aiuv0/Desktop/Shooter/Shooter/Saved/Untitled76F8F0B448EC4725271B9AA6B8A83458.tmp' to '../../../../../../Users/aiuv0/Desktop/Shooter/Shooter/Content/Untitled.umap'
[2017.05.17-21.03.24:064][405]LogSavePackage:Display: Finished SavePackage ../../../../../../Users/aiuv0/Desktop/Shooter/Shooter/Content/Untitled.umap
[2017.05.17-21.03.24:119][405]LogFileHelpers: Saving map 'Untitled' took 0.302
